<?xml version="1.0" encoding="UTF-8"?>
<testng-results skipped="0" failed="0" total="1" passed="1">
  <reporter-output>
  </reporter-output>
  <suite name="Default suite" duration-ms="24226" started-at="2019-06-10T11:46:36Z" finished-at="2019-06-10T11:47:01Z">
    <groups>
      <group name="cucumber">
        <method signature="AbstractTestNGCucumberTests.feature(cucumber.api.testng.CucumberFeatureWrapper)[pri:0, instance:cucumberOption.TestRunner@52a86356]" name="feature" class="cucumber.api.testng.AbstractTestNGCucumberTests"/>
      </group> <!-- cucumber -->
    </groups>
    <test name="Default test" duration-ms="24226" started-at="2019-06-10T11:46:36Z" finished-at="2019-06-10T11:47:01Z">
      <class name="cucumberOption.TestRunner">
        <test-method status="PASS" signature="setUpClass()[pri:0, instance:cucumberOption.TestRunner@52a86356]" name="setUpClass" is-config="true" duration-ms="342" started-at="2019-06-10T21:46:36Z" finished-at="2019-06-10T21:46:37Z">
          <reporter-output>
          </reporter-output>
        </test-method> <!-- setUpClass -->
        <test-method status="PASS" signature="feature(cucumber.api.testng.CucumberFeatureWrapper)[pri:0, instance:cucumberOption.TestRunner@52a86356]" name="feature" duration-ms="23742" started-at="2019-06-10T21:46:37Z" description="Runs Cucumber Feature" data-provider="features" finished-at="2019-06-10T21:47:01Z">
          <params>
            <param index="0">
              <value>
                <![CDATA[Signup]]>
              </value>
            </param>
          </params>
          <reporter-output>
          </reporter-output>
        </test-method> <!-- feature -->
        <test-method status="PASS" signature="tearDownClass()[pri:0, instance:cucumberOption.TestRunner@52a86356]" name="tearDownClass" is-config="true" duration-ms="6" started-at="2019-06-10T21:47:01Z" finished-at="2019-06-10T21:47:01Z">
          <reporter-output>
          </reporter-output>
        </test-method> <!-- tearDownClass -->
      </class> <!-- cucumberOption.TestRunner -->
    </test> <!-- Default test -->
  </suite> <!-- Default suite -->
</testng-results>
